C51 COMPILER V9.60.0.0   MAIN                                                              09/15/2025 11:19:27 PAGE 1   


C51 COMPILER V9.60.0.0, COMPILATION OF MODULE MAIN
OBJECT MODULE PLACED IN .\Objects\main.obj
COMPILER INVOKED BY: D:\work\KEIL\ARM\C51\BIN\C51.EXE APP\main.c OPTIMIZE(8,SPEED) BROWSE INCDIR(.\APP;.\DRIVER;.\STC8HL
                    -ib) DEBUG OBJECTEXTEND PRINT(.\Listings\main.lst) TABS(2) OBJECT(.\Objects\main.obj)

line level    source

   1          #include "STC8H.H"
   2          #include "STC8G_H_GPIO.h"
   3          #include "STC8G_H_Delay.h"
   4          #include "config.h"
   5          #include "BEEP.h"
   6          #include "key.h"
   7          #include "type_def.h"
   8          #include "STC8G_H_Exti.h"
   9          #include "Digitalled.h"
  10          #include "STC8G_H_Timer.h"
  11          #include "STC8G_H_UART.h"
  12          #include "uart.h"
  13          #include "STC8G_H_ADC.h"
  14          #include "filtering.h"
  15          #include "STC8G_H_I2C.h"
  16          #include "IIC.h"
  17          #include "touch.h"
  18          u8 code ledNum[]={0x01,0x02,0x04,0x08,0x10,0x20,0x40,0x80};
  19          //u8 xdata arr[30];
  20          void main()
  21          { 
  22   1        u8 Touch_TEMP=0;
  23   1        //u8 key_val=0,at24dat,writeNum,readNum,clear=255;
  24   1        
  25   1        
  26   1        P_SW2 |= 0x80;/* 扩展寄存器访问使能 */  
  27   1        GPIO_config(); 
  28   1        beep_init();
  29   1        key_init();
  30   1        Exti_config();
  31   1        Timer_config();
  32   1        UART_config();
  33   1        ADC_config();
  34   1        I2C_config();
  35   1        Touch_Config();
  36   1        EA=1;
  37   1      
  38   1        while(1)
  39   1        {
  40   2            Touch_TEMP=GetTouchVal();
  41   2          //ADC_TEMP = IIC_60S();
  42   2          if(Touch_TEMP)
  43   2          {
  44   3            
  45   3            printf("TK_cnt = %bu.\n",Touch_TEMP);
  46   3          
  47   3          }
  48   2        }
  49   1      }
  50          


MODULE INFORMATION:   STATIC OVERLAYABLE
   CODE SIZE        =     57    ----
C51 COMPILER V9.60.0.0   MAIN                                                              09/15/2025 11:19:27 PAGE 2   

   CONSTANT SIZE    =     23    ----
   XDATA SIZE       =   ----    ----
   PDATA SIZE       =   ----    ----
   DATA SIZE        =   ----       1
   IDATA SIZE       =   ----    ----
   BIT SIZE         =   ----    ----
END OF MODULE INFORMATION.


C51 COMPILATION COMPLETE.  0 WARNING(S),  0 ERROR(S)
