C51 COMPILER V9.60.0.0   STC8G_H_EXTI_ISR                                                  09/15/2025 11:19:32 PAGE 1   


C51 COMPILER V9.60.0.0, COMPILATION OF MODULE STC8G_H_EXTI_ISR
OBJECT MODULE PLACED IN .\Objects\STC8G_H_Exti_Isr.obj
COMPILER INVOKED BY: D:\work\KEIL\ARM\C51\BIN\C51.EXE STC8HLib\STC8G_H_Exti_Isr.c OPTIMIZE(8,SPEED) BROWSE INCDIR(.\APP;
                    -.\DRIVER;.\STC8HLib) DEBUG OBJECTEXTEND PRINT(.\Listings\STC8G_H_Exti_Isr.lst) TABS(2) OBJECT(.\Objects\STC8G_H_Exti_Isr
                    -.obj)

line level    source

   1          /*---------------------------------------------------------------------*/
   2          /* --- STC MCU Limited ------------------------------------------------*/
   3          /* --- STC 1T Series MCU Demo Programme -------------------------------*/
   4          /* --- Mobile: (86)13922805190 ----------------------------------------*/
   5          /* --- Fax: 86-0513-55012956,55012947,55012969 ------------------------*/
   6          /* --- Tel: 86-0513-55012928,55012929,55012966 ------------------------*/
   7          /* --- Web: www.STCAI.com ---------------------------------------------*/
   8          /* --- BBS: www.STCAIMCU.com  -----------------------------------------*/
   9          /* --- QQ:  800003751 -------------------------------------------------*/
  10          /* 如果要在程序中使用此代码,请在程序中注明使用了STC的资料及程序            */
  11          /*---------------------------------------------------------------------*/
  12          
  13          #include  "STC8G_H_Exti.h"
  14          #include "config.h"
  15          #include  "STC8G_H_Delay.h"
  16          #include "BEEP.h"
  17          #include "Digitalled.h"
  18          //========================================================================
  19          //                               本地变量声明
  20          //========================================================================
  21          //u32 count;
  22          u8 WakeUpSource;
  23          
  24          //========================================================================
  25          // 函数: INT0_ISR_Handler
  26          // 描述: INT0中断函数.
  27          // 参数: none.
  28          // 返回: none.
  29          // 版本: V1.0, 2020-09-23
  30          //========================================================================
  31          void INT0_ISR_Handler (void) interrupt INT0_VECTOR    //进中断时已经清除标志
  32          {
  33   1        // TODO: 在此处添加用户代码
  34   1        P00 = ~P00;
  35   1        WakeUpSource = 1;
  36   1      
  37   1        
  38   1      }
  39          
  40          //========================================================================
  41          // 函数: INT1_ISR_Handler
  42          // 描述: INT1中断函数.
  43          // 参数: none.
  44          // 返回: none.
  45          // 版本: V1.0, 2020-09-23
  46          //========================================================================
  47          void INT1_ISR_Handler (void) interrupt INT1_VECTOR    //进中断时已经清除标志
  48          {
  49   1        // TODO: 在此处添加用户代码
  50   1        //P01 = ~P01;
  51   1        //count++;
  52   1        //WakeUpSource = 2;
  53   1        
C51 COMPILER V9.60.0.0   STC8G_H_EXTI_ISR                                                  09/15/2025 11:19:32 PAGE 2   

  54   1        
  55   1      }
  56          
  57          //========================================================================
  58          // 函数: INT2_ISR_Handler
  59          // 描述: INT2中断函数.
  60          // 参数: none.
  61          // 返回: none.
  62          // 版本: V1.0, 2020-09-23
  63          //========================================================================
  64          void INT2_ISR_Handler (void) interrupt INT2_VECTOR    //进中断时已经清除标志
  65          {
  66   1        // TODO: 在此处添加用户代码
  67   1      //  P02 = ~P02;
  68   1      //  WakeUpSource = 3;
  69   1        
  70   1      }
  71          
  72          //========================================================================
  73          // 函数: INT3_ISR_Handler
  74          // 描述: INT3中断函数.
  75          // 参数: none.
  76          // 返回: none.
  77          // 版本: V1.0, 2020-09-23
  78          //========================================================================
  79          void INT3_ISR_Handler (void) interrupt INT3_VECTOR    //进中断时已经清除标志
  80          {
  81   1        // TODO: 在此处添加用户代码
  82   1        P03 = ~P03;
  83   1        WakeUpSource = 4;
  84   1      }
  85          
  86          //========================================================================
  87          // 函数: INT4_ISR_Handler
  88          // 描述: INT4中断函数.
  89          // 参数: none.
  90          // 返回: none.
  91          // 版本: V1.0, 2020-09-23
  92          //========================================================================
  93          void INT4_ISR_Handler (void) interrupt INT4_VECTOR    //进中断时已经清除标志
  94          {
  95   1        // TODO: 在此处添加用户代码
  96   1      //  P04 = ~P04;
  97   1        WakeUpSource = 5;
  98   1      }
  99          void EXT_INTP3_ISR_Handler (void) interrupt 40
 100          {
 101   1        if(P3INTF&0x10)
 102   1        {
 103   2          P3INTF=0;
 104   2          P05=~P05;
 105   2        }
 106   1          if(P3INTF&0x20)
 107   1        {
 108   2          P3INTF=0;
 109   2          P06=~P06;
 110   2        }
 111   1      }
 112          
 113          


C51 COMPILER V9.60.0.0   STC8G_H_EXTI_ISR                                                  09/15/2025 11:19:32 PAGE 3   

MODULE INFORMATION:   STATIC OVERLAYABLE
   CODE SIZE        =     53    ----
   CONSTANT SIZE    =   ----    ----
   XDATA SIZE       =   ----    ----
   PDATA SIZE       =   ----    ----
   DATA SIZE        =      1    ----
   IDATA SIZE       =   ----    ----
   BIT SIZE         =   ----    ----
END OF MODULE INFORMATION.


C51 COMPILATION COMPLETE.  0 WARNING(S),  0 ERROR(S)
