C51 COMPILER V9.60.0.0   MAIN                                                              09/15/2025 16:32:38 PAGE 1   


C51 COMPILER V9.60.0.0, COMPILATION OF MODULE MAIN
OBJECT MODULE PLACED IN .\Objects\main.obj
COMPILER INVOKED BY: D:\work\KEIL\ARM\C51\BIN\C51.EXE APP\main.c OPTIMIZE(8,SPEED) BROWSE INCDIR(.\APP;.\DRIVER;.\STC8HL
                    -ib) DEBUG OBJECTEXTEND PRINT(.\Listings\main.lst) TABS(2) OBJECT(.\Objects\main.obj)

line level    source

   1          #include "STC8H.H"
   2          #include "STC8G_H_GPIO.h"
   3          #include "STC8G_H_Delay.h"
   4          #include "config.h"
   5          #include "BEEP.h"
   6          #include "key.h"
   7          #include "type_def.h"
   8          #include "STC8G_H_Exti.h"
   9          #include "Digitalled.h"
  10          #include "STC8G_H_Timer.h"
  11          #include "STC8G_H_UART.h"
  12          #include "uart.h"
  13          #include "STC8G_H_ADC.h"
  14          #include "filtering.h"
  15          #include "STC8G_H_I2C.h"
  16          #include "IIC.h"
  17          #include "touch.h"
  18          #include  "STC8H_RTC.h"
  19          u8 code ledNum[]={0x01,0x02,0x04,0x08,0x10,0x20,0x40,0x80};
  20          //u8 xdata arr[30];
  21          extern bit B_1S;
  22          void main()
  23          { 
  24   1        u8 Touch_TEMP=0;
  25   1        static u8 display_mode = 0; // 0:显示时间, 1:显示日期
  26   1        //u8 key_val=0,at24dat,writeNum,readNum,clear=255;
  27   1        
  28   1        u8 hour=0,min = 0,sec=0;;
  29   1        P_SW2 |= 0x80;/* 扩展寄存器访问使能 */  
  30   1        GPIO_config(); 
  31   1        beep_init();
  32   1        key_init();
  33   1        Exti_config();
  34   1        Timer_config();
  35   1        UART_config();
  36   1        ADC_config();
  37   1        I2C_config();
  38   1        Touch_Config();
  39   1        RTC_config();
  40   1        EA=1;
  41   1      
  42   1        while(1)
  43   1        {
  44   2          Touch_TEMP=GetTouchVal();
  45   2          if(Touch_TEMP != 0) // 按下时有值
  46   2          {
  47   3              // 切换显示模式
  48   3            if(Touch_TEMP==1)display_mode = 1;
  49   3            if(Touch_TEMP==2)display_mode = 2;  
  50   3              // 等待按键释放（防抖）
  51   3              while(GetTouchVal() != 0) {
  52   4              delay_ms(10);
  53   4            }
  54   3          }
C51 COMPILER V9.60.0.0   MAIN                                                              09/15/2025 16:32:38 PAGE 2   

  55   2          // 根据模式显示相应内容
  56   2          if(display_mode == 1) {
  57   3              Display_time(HOUR, MIN, SEC);
  58   3          } else if(display_mode == 2) {
  59   3              Display_Day(YEAR, MONTH, DAY);
  60   3          }
  61   2          printf("Touch_TEMP = %bd\r\n",Touch_TEMP);
  62   2          printf("display_mode = %bd\r\n",display_mode);
  63   2      //    if(Touch_TEMP)
  64   2      //    {
  65   2      //      
  66   2      //      printf("TK_cnt = %bu.\n",Touch_TEMP);
  67   2      //    
  68   2      //    }
  69   2      //    if(B_1S)
  70   2      //    {
  71   2      //      B_1S = 0;
  72   2            printf("20%bd/%bd/%bd,/%bd:%bd:%bd\r\n",YEAR,MONTH,DAY,HOUR,MIN,SEC);
  73   2      //    }
  74   2      
  75   2      
  76   2          
  77   2        }
  78   1      }
  79          


MODULE INFORMATION:   STATIC OVERLAYABLE
   CODE SIZE        =    189    ----
   CONSTANT SIZE    =     77    ----
   XDATA SIZE       =   ----    ----
   PDATA SIZE       =   ----    ----
   DATA SIZE        =      1       4
   IDATA SIZE       =   ----    ----
   BIT SIZE         =   ----    ----
END OF MODULE INFORMATION.


C51 COMPILATION COMPLETE.  0 WARNING(S),  0 ERROR(S)
