C51 COMPILER V9.60.0.0   STC8G_H_TIMER_ISR                                                 09/15/2025 16:32:43 PAGE 1   


C51 COMPILER V9.60.0.0, COMPILATION OF MODULE STC8G_H_TIMER_ISR
OBJECT MODULE PLACED IN .\Objects\STC8G_H_Timer_Isr.obj
COMPILER INVOKED BY: D:\work\KEIL\ARM\C51\BIN\C51.EXE STC8HLib\STC8G_H_Timer_Isr.c OPTIMIZE(8,SPEED) BROWSE INCDIR(.\APP
                    -;.\DRIVER;.\STC8HLib) DEBUG OBJECTEXTEND PRINT(.\Listings\STC8G_H_Timer_Isr.lst) TABS(2) OBJECT(.\Objects\STC8G_H_Timer_
                    -Isr.obj)

line level    source

   1          /*---------------------------------------------------------------------*/
   2          /* --- STC MCU Limited ------------------------------------------------*/
   3          /* --- STC 1T Series MCU Demo Programme -------------------------------*/
   4          /* --- Mobile: (86)13922805190 ----------------------------------------*/
   5          /* --- Fax: 86-0513-55012956,55012947,55012969 ------------------------*/
   6          /* --- Tel: 86-0513-55012928,55012929,55012966 ------------------------*/
   7          /* --- Web: www.STCAI.com ---------------------------------------------*/
   8          /* --- BBS: www.STCAIMCU.com  -----------------------------------------*/
   9          /* --- QQ:  800003751 -------------------------------------------------*/
  10          /* 如果要在程序中使用此代码,请在程序中注明使用了STC的资料及程序            */
  11          /*---------------------------------------------------------------------*/
  12          
  13          #include  "STC8G_H_Timer.h"
  14          u32 time0IntNum;
  15          u8  time1IntNum;
  16          u8  time2IntNum;
  17          u8  time3IntNum;
  18          u8  time4IntNum;
  19          //========================================================================
  20          // 函数: Timer0_ISR_Handler
  21          // 描述: Timer0中断函数.
  22          // 参数: none.
  23          // 返回: none.
  24          // 版本: V1.0, 2020-09-23
  25          //========================================================================
  26          void Timer0_ISR_Handler (void) interrupt TMR0_VECTOR    //进中断时已经清除标志
  27          {
  28   1        // TODO: 在此处添加用户代码
  29   1        // P67 = ~P67;
  30   1        time0IntNum++;
  31   1      }
  32          
  33          //========================================================================
  34          // 函数: Timer1_ISR_Handler
  35          // 描述: Timer1中断函数.
  36          // 参数: none.
  37          // 返回: none.
  38          // 版本: V1.0, 2020-09-23
  39          //========================================================================
  40          void Timer1_ISR_Handler (void) interrupt TMR1_VECTOR    //进中断时已经清除标志
  41          {
  42   1        // TODO: 在此处添加用户代码
  43   1        //P66 = ~P66;
  44   1        time1IntNum++;
  45   1      }
  46          
  47          //========================================================================
  48          // 函数: Timer2_ISR_Handler
  49          // 描述: Timer2中断函数.
  50          // 参数: none.
  51          // 返回: none.
  52          // 版本: V1.0, 2020-09-23
  53          //========================================================================
C51 COMPILER V9.60.0.0   STC8G_H_TIMER_ISR                                                 09/15/2025 16:32:43 PAGE 2   

  54          void Timer2_ISR_Handler (void) interrupt TMR2_VECTOR    //进中断时已经清除标志
  55          {
  56   1        // TODO: 在此处添加用户代码
  57   1        P65 = ~P65;
  58   1        time2IntNum++;
  59   1      }
  60          
  61          //========================================================================
  62          // 函数: Timer3_ISR_Handler
  63          // 描述: Timer3中断函数.
  64          // 参数: none.
  65          // 返回: none.
  66          // 版本: V1.0, 2020-09-23
  67          //========================================================================
  68          void Timer3_ISR_Handler (void) interrupt TMR3_VECTOR    //进中断时已经清除标志
  69          {
  70   1        // TODO: 在此处添加用户代码
  71   1        P64 = ~P64;
  72   1        time3IntNum++;
  73   1      }
  74          
  75          //========================================================================
  76          // 函数: Timer4_ISR_Handler
  77          // 描述: Timer4中断函数.
  78          // 参数: none.
  79          // 返回: none.
  80          // 版本: V1.0, 2020-09-23
  81          //========================================================================
  82          void Timer4_ISR_Handler (void) interrupt TMR4_VECTOR    //进中断时已经清除标志
  83          {
  84   1        // TODO: 在此处添加用户代码
  85   1        P63 = ~P63;
  86   1        time4IntNum++;
  87   1      }


MODULE INFORMATION:   STATIC OVERLAYABLE
   CODE SIZE        =     48    ----
   CONSTANT SIZE    =   ----    ----
   XDATA SIZE       =   ----    ----
   PDATA SIZE       =   ----    ----
   DATA SIZE        =      8    ----
   IDATA SIZE       =   ----    ----
   BIT SIZE         =   ----    ----
END OF MODULE INFORMATION.


C51 COMPILATION COMPLETE.  0 WARNING(S),  0 ERROR(S)
