C51 COMPILER V9.60.0.0   BEEP                                                              09/18/2025 19:01:27 PAGE 1   


C51 COMPILER V9.60.0.0, COMPILATION OF MODULE BEEP
OBJECT MODULE PLACED IN .\Objects\BEEP.obj
COMPILER INVOKED BY: D:\work\KEIL\ARM\C51\BIN\C51.EXE DRIVER\BEEP.c LARGE OPTIMIZE(8,SPEED) BROWSE INCDIR(.\APP;.\DRIVER
                    -;.\STC8HLib) DEBUG OBJECTEXTEND PRINT(.\Listings\BEEP.lst) TABS(2) OBJECT(.\Objects\BEEP.obj)

line level    source

   1          #include  "STC8G_H_GPIO.h"
   2          #include  "STC8G_H_Delay.h"
   3          #define   BEEP  P53
   4          
   5          /**
   6          ***********************************************************
   7          * @brief   BEEP初始化
   8          * @param 
   9          * @return  
  10          ***********************************************************
  11          */
  12          void  beep_init(void)
  13          {
  14   1        GPIO_InitTypeDef  GPIO_InitStructure;   //结构定义
  15   1      
  16   1        GPIO_InitStructure.Pin  = GPIO_Pin_3;
  17   1        GPIO_InitStructure.Mode = GPIO_OUT_PP;
  18   1        GPIO_Inilize(GPIO_P5,&GPIO_InitStructure);
  19   1        
  20   1        
  21   1      }
  22          /**
  23          ***********************************************************
  24          * @brief   BEEP
  25          * @param 
  26          * @return  
  27          ***********************************************************
  28          */
  29          void BeepMs(u16 ms)
  30          {
  31   1        for(ms; ms > 0; ms--)
  32   1        {
  33   2          BEEP = ~BEEP;
  34   2          delay_ms(1);
  35   2        }
  36   1      }
  37          
  38          
  39          
  40          
  41          


MODULE INFORMATION:   STATIC OVERLAYABLE
   CODE SIZE        =     72    ----
   CONSTANT SIZE    =   ----    ----
   XDATA SIZE       =   ----       4
   PDATA SIZE       =   ----    ----
   DATA SIZE        =   ----    ----
   IDATA SIZE       =   ----    ----
   BIT SIZE         =   ----    ----
END OF MODULE INFORMATION.


C51 COMPILATION COMPLETE.  0 WARNING(S),  0 ERROR(S)
