C51 COMPILER V9.60.0.0   KEY                                                               09/18/2025 19:01:27 PAGE 1   


C51 COMPILER V9.60.0.0, COMPILATION OF MODULE KEY
OBJECT MODULE PLACED IN .\Objects\KEY.obj
COMPILER INVOKED BY: D:\work\KEIL\ARM\C51\BIN\C51.EXE DRIVER\KEY.c LARGE OPTIMIZE(8,SPEED) BROWSE INCDIR(.\APP;.\DRIVER;
                    -.\STC8HLib) DEBUG OBJECTEXTEND PRINT(.\Listings\KEY.lst) TABS(2) OBJECT(.\Objects\KEY.obj)

line level    source

   1          #include  "STC8G_H_GPIO.h"
   2          #include "type_def.h"
   3          #include  "STC8G_H_Delay.h"
   4          #include "BEEP.h"
   5          #define  LONGPRESSTIME  100000
   6          /**
   7          ***********************************************************
   8          * @brief   按键初始化
   9          * @param 
  10          * @return  
  11          ***********************************************************
  12          */
  13          void  key_init(void)
  14          {
  15   1        GPIO_InitTypeDef  GPIO_InitStructure;   //结构定义
  16   1      
  17   1        GPIO_InitStructure.Pin  = GPIO_Pin_2|GPIO_Pin_3|GPIO_Pin_4|GPIO_Pin_5;
  18   1        GPIO_InitStructure.Mode = GPIO_PullUp;
  19   1        GPIO_Inilize(GPIO_P3,&GPIO_InitStructure);  
  20   1      }
  21          /**
  22          ***********************************************************
  23          * @brief   1*4单按键显示值
  24          * @param 
  25          * @return  返回按键的值
  26          ***********************************************************
  27          */
  28          u8 SingleKey()
  29          {
  30   1      
  31   1        u8 KEYVAL1;
  32   1        u32 longpressNum=0;
  33   1        if(P32 == 0)
  34   1        {
  35   2          delay_ms(10);
  36   2          if(P32 == 0)
  37   2          {
  38   3            KEYVAL1=1;
  39   3            while(!P32)
  40   3            {
  41   4              if(++longpressNum>LONGPRESSTIME)
  42   4              {
  43   5                KEYVAL1=11;
  44   5                BeepMs(10);
  45   5              }
  46   4            }       
  47   3          }
  48   2          BeepMs(10);
  49   2          return KEYVAL1;
  50   2        }
  51   1        if(P33 == 0)
  52   1        {
  53   2          delay_ms(10);
  54   2          if(P33 == 0)
C51 COMPILER V9.60.0.0   KEY                                                               09/18/2025 19:01:27 PAGE 2   

  55   2          {
  56   3            while(!P33);
  57   3          }
  58   2          BeepMs(10);
  59   2          return 2;
  60   2        }
  61   1        if(P34 == 0)
  62   1        {
  63   2          delay_ms(10);
  64   2          if(P34 == 0)
  65   2          {
  66   3            while(!P34);
  67   3          }
  68   2          BeepMs(10);
  69   2          return 3;
  70   2        }
  71   1        if(P35 == 0)
  72   1        {
  73   2          delay_ms(10);
  74   2          if(P35 == 0)
  75   2          {
  76   3            while(!P35);
  77   3          }
  78   2          BeepMs(10);
  79   2          return 4;
  80   2        } 
  81   1        return 0;
  82   1      }
  83          


MODULE INFORMATION:   STATIC OVERLAYABLE
   CODE SIZE        =    183    ----
   CONSTANT SIZE    =   ----    ----
   XDATA SIZE       =   ----       7
   PDATA SIZE       =   ----    ----
   DATA SIZE        =   ----    ----
   IDATA SIZE       =   ----    ----
   BIT SIZE         =   ----    ----
END OF MODULE INFORMATION.


C51 COMPILATION COMPLETE.  0 WARNING(S),  0 ERROR(S)
