C51 COMPILER V9.60.0.0   MAIN                                                              09/18/2025 19:01:26 PAGE 1   


C51 COMPILER V9.60.0.0, COMPILATION OF MODULE MAIN
OBJECT MODULE PLACED IN .\Objects\main.obj
COMPILER INVOKED BY: D:\work\KEIL\ARM\C51\BIN\C51.EXE APP\main.c LARGE OPTIMIZE(8,SPEED) BROWSE INCDIR(.\APP;.\DRIVER;.\
                    -STC8HLib) DEBUG OBJECTEXTEND PRINT(.\Listings\main.lst) TABS(2) OBJECT(.\Objects\main.obj)

line level    source

   1          #include "STC8H.H"
   2          #include "STC8G_H_GPIO.h"
   3          #include "STC8G_H_Delay.h"
   4          #include "config.h"
   5          #include "BEEP.h"
   6          #include "key.h"
   7          #include "type_def.h"
   8          #include "STC8G_H_Exti.h"
   9          #include "Digitalled.h"
  10          #include "STC8G_H_Timer.h"
  11          #include "STC8G_H_UART.h"
  12          #include "uart.h"
  13          #include "STC8G_H_ADC.h"
  14          #include "filtering.h"
  15          #include "STC8G_H_I2C.h"
  16          #include "IIC.h"
  17          #include "touch.h"
  18          #include  "STC8H_RTC.h"
  19          #include  "STC8G_H_SPI.h"
  20          #include "LCD_DISPLAY.h"
  21          #include "LCD_BASE.h"
  22          #include "Picture.h"
  23          #include "StateMachine.h"
  24          u8 code ledNum[]={0x01,0x02,0x04,0x08,0x10,0x20,0x40,0x80};
  25          float VAL=0;
  26          extern bit B_1S;
  27          u16 xdata friler_arr[50];
  28          //u8 hour=12,min = 0,sec=0;
  29          u8 xdata touchKeyNum = 0;
  30          u16 xdata count=0;
  31          u8 state1=0;
  32          void main()
  33          { 
  34   1        
  35   1       
  36   1        
  37   1        
  38   1        
  39   1        
  40   1        P_SW2 |= 0x80;/* 扩展寄存器访问使能 */  
  41   1        GPIO_config(); 
  42   1        beep_init();
  43   1        key_init();
  44   1        //Exti_config();
  45   1        Timer_config();
  46   1        UART_config();
  47   1        ADC_config();
  48   1        I2C_config();
  49   1        Touch_Config();
  50   1        RTC_config();
  51   1        SPI_config();
  52   1        EA=1;
  53   1        delay_ms(200);
  54   1        LCD_Init();
C51 COMPILER V9.60.0.0   MAIN                                                              09/18/2025 19:01:26 PAGE 2   

  55   1        LCD_Fill_Black(0,0,320,240);
  56   1        //Page_Content_1();
  57   1        Page_Content_1(YEAR,MONTH,DAY,HOUR,MIN,SEC,ALAHOUR,ALAMIN,ALASEC,VAL);
  58   1      //LCD_ShowPicture(60,20,IMG_HEIGHT,IMG_WIDTH,IMG_DATA_1);
  59   1        while(1)
  60   1        {
  61   2          VAL=Median_Filter(friler_arr,50)*3.3f/4096;
  62   2          touchKeyNum=GetTouchVal();
  63   2          state1= Getstate(touchKeyNum,VAL);//获取状态
  64   2          StateMachine(state1,touchKeyNum);//改变状态
  65   2      
  66   2          if(count>0)
  67   2          {
  68   3            BeepMs(200);
  69   3            LCD_Fill_Black(0,0,320,240);
  70   3        //    LCD_ShowPicture(100,50,IMG_HEIGHT,IMG_WIDTH,IMG_DATA);
  71   3            if(touchKeyNum)
  72   3            {
  73   4              LCD_Fill_Black(0,0,320,240);
  74   4              count=0;
  75   4            }
  76   3          }
  77   2      
  78   2      
  79   2          
  80   2        }
  81   1      }
  82          


MODULE INFORMATION:   STATIC OVERLAYABLE
   CODE SIZE        =    376    ----
   CONSTANT SIZE    =      8    ----
   XDATA SIZE       =    108    ----
   PDATA SIZE       =   ----    ----
   DATA SIZE        =   ----    ----
   IDATA SIZE       =   ----    ----
   BIT SIZE         =   ----    ----
END OF MODULE INFORMATION.


C51 COMPILATION COMPLETE.  0 WARNING(S),  0 ERROR(S)
