C51 COMPILER V9.60.0.0   BEEP                                                              09/19/2025 20:04:49 PAGE 1   


C51 COMPILER V9.60.0.0, COMPILATION OF MODULE BEEP
OBJECT MODULE PLACED IN .\Objects\BEEP.obj
COMPILER INVOKED BY: D:\work\KEIL\ARM\C51\BIN\C51.EXE DRIVER\BEEP.c LARGE OPTIMIZE(8,SPEED) BROWSE INCDIR(.\APP;.\STC8HL
                    -ib;.\DRIVER) DEBUG OBJECTEXTEND PRINT(.\Listings\BEEP.lst) TABS(2) OBJECT(.\Objects\BEEP.obj)

line level    source

   1          #include  "STC8G_H_GPIO.h"
   2          #include  "STC8G_H_Delay.h"
   3          #define  BEEP  P24
   4          
   5          /**
   6          ***********************************************************
   7          * @brief   BEEP初始化
   8          * @param 
   9          * @return  
  10          ***********************************************************
  11          */
  12          void  beep_init(void)
  13          {
  14   1        GPIO_InitTypeDef  GPIO_InitStructure;   //结构定义
  15   1        GPIO_InitStructure.Pin  = GPIO_Pin_4;
  16   1        GPIO_InitStructure.Mode = GPIO_OUT_PP;
  17   1        GPIO_Inilize(GPIO_P2,&GPIO_InitStructure);
  18   1      }
  19          /**
  20          ***********************************************************
  21          * @brief   BEEP
  22          * @param 
  23          * @return  
  24          ***********************************************************
  25          */
  26          void BeepMs(u16 ms)
  27          {
  28   1        for(ms; ms > 0; ms--)
  29   1        {
  30   2          BEEP = ~BEEP;
  31   2          delay_ms(1);
  32   2        }
  33   1        BEEP = 0;
  34   1      }
  35          
  36          
  37          
  38          
  39          


MODULE INFORMATION:   STATIC OVERLAYABLE
   CODE SIZE        =     74    ----
   CONSTANT SIZE    =   ----    ----
   XDATA SIZE       =   ----       4
   PDATA SIZE       =   ----    ----
   DATA SIZE        =   ----    ----
   IDATA SIZE       =   ----    ----
   BIT SIZE         =   ----    ----
END OF MODULE INFORMATION.


C51 COMPILATION COMPLETE.  0 WARNING(S),  0 ERROR(S)
