C51 COMPILER V9.60.0.0   STC8G_H_TIMER_ISR                                                 09/19/2025 20:04:52 PAGE 1   


C51 COMPILER V9.60.0.0, COMPILATION OF MODULE STC8G_H_TIMER_ISR
OBJECT MODULE PLACED IN .\Objects\STC8G_H_Timer_Isr.obj
COMPILER INVOKED BY: D:\work\KEIL\ARM\C51\BIN\C51.EXE STC8HLib\STC8G_H_Timer_Isr.c LARGE OPTIMIZE(8,SPEED) BROWSE INCDIR
                    -(.\APP;.\STC8HLib;.\DRIVER) DEBUG OBJECTEXTEND PRINT(.\Listings\STC8G_H_Timer_Isr.lst) TABS(2) OBJECT(.\Objects\STC8G_H_
                    -Timer_Isr.obj)

line level    source

   1          /*---------------------------------------------------------------------*/
   2          /* --- STC MCU Limited ------------------------------------------------*/
   3          /* --- STC 1T Series MCU Demo Programme -------------------------------*/
   4          /* --- Mobile: (86)13922805190 ----------------------------------------*/
   5          /* --- Fax: 86-0513-55012956,55012947,55012969 ------------------------*/
   6          /* --- Tel: 86-0513-55012928,55012929,55012966 ------------------------*/
   7          /* --- Web: www.STCAI.com ---------------------------------------------*/
   8          /* --- BBS: www.STCAIMCU.com  -----------------------------------------*/
   9          /* --- QQ:  800003751 -------------------------------------------------*/
  10          /* 如果要在程序中使用此代码,请在程序中注明使用了STC的资料及程序            */
  11          /*---------------------------------------------------------------------*/
  12          
  13          #include  "STC8G_H_Timer.h"
  14          u32 time0IntNum;
  15          u8  time1IntNum;
  16          u8  time2IntNum;
  17          u8  time3IntNum;
  18          u8  time4IntNum;
  19          //========================================================================
  20          // 函数: Timer0_ISR_Handler
  21          // 描述: Timer0中断函数.
  22          // 参数: none.
  23          // 返回: none.
  24          // 版本: V1.0, 2020-09-23
  25          //========================================================================
  26          void Timer0_ISR_Handler (void) interrupt TMR0_VECTOR    //进中断时已经清除标志
  27          {
  28   1        // TODO: 在此处添加用户代码
  29   1        // P67 = ~P67;
  30   1        static u8 i=0;
  31   1        time0IntNum++;
  32   1        if(++i>=20)
  33   1        {
  34   2          i=0;
  35   2          TSCTRL=(1<<7)+(1<<6);
  36   2        }
  37   1      }
  38          
  39          //========================================================================
  40          // 函数: Timer1_ISR_Handler
  41          // 描述: Timer1中断函数.
  42          // 参数: none.
  43          // 返回: none.
  44          // 版本: V1.0, 2020-09-23
  45          //========================================================================
  46          void Timer1_ISR_Handler (void) interrupt TMR1_VECTOR    //进中断时已经清除标志
  47          {
  48   1        // TODO: 在此处添加用户代码
  49   1        //P66 = ~P66;
  50   1        time1IntNum++;
  51   1      }
  52          
  53          //========================================================================
C51 COMPILER V9.60.0.0   STC8G_H_TIMER_ISR                                                 09/19/2025 20:04:52 PAGE 2   

  54          // 函数: Timer2_ISR_Handler
  55          // 描述: Timer2中断函数.
  56          // 参数: none.
  57          // 返回: none.
  58          // 版本: V1.0, 2020-09-23
  59          //========================================================================
  60          void Timer2_ISR_Handler (void) interrupt TMR2_VECTOR    //进中断时已经清除标志
  61          {
  62   1        // TODO: 在此处添加用户代码
  63   1        P65 = ~P65;
  64   1        time2IntNum++;
  65   1      }
  66          
  67          //========================================================================
  68          // 函数: Timer3_ISR_Handler
  69          // 描述: Timer3中断函数.
  70          // 参数: none.
  71          // 返回: none.
  72          // 版本: V1.0, 2020-09-23
  73          //========================================================================
  74          void Timer3_ISR_Handler (void) interrupt TMR3_VECTOR    //进中断时已经清除标志
  75          {
  76   1        // TODO: 在此处添加用户代码
  77   1        P64 = ~P64;
  78   1        time3IntNum++;
  79   1      }
  80          
  81          //========================================================================
  82          // 函数: Timer4_ISR_Handler
  83          // 描述: Timer4中断函数.
  84          // 参数: none.
  85          // 返回: none.
  86          // 版本: V1.0, 2020-09-23
  87          //========================================================================
  88          void Timer4_ISR_Handler (void) interrupt TMR4_VECTOR    //进中断时已经清除标志
  89          {
  90   1        // TODO: 在此处添加用户代码
  91   1        P63 = ~P63;
  92   1        time4IntNum++;
  93   1      }


MODULE INFORMATION:   STATIC OVERLAYABLE
   CODE SIZE        =    180    ----
   CONSTANT SIZE    =   ----    ----
   XDATA SIZE       =      9    ----
   PDATA SIZE       =   ----    ----
   DATA SIZE        =   ----    ----
   IDATA SIZE       =   ----    ----
   BIT SIZE         =   ----    ----
END OF MODULE INFORMATION.


C51 COMPILATION COMPLETE.  0 WARNING(S),  0 ERROR(S)
